-------------------------------------------------------------------------------
Test set: com.mycompany.myapp.dao.Exam12DaoImpl3Test
-------------------------------------------------------------------------------
Tests run: 1, Failures: 0, Errors: 1, Skipped: 0, Time elapsed: 0.055 s <<< FAILURE! - in com.mycompany.myapp.dao.Exam12DaoImpl3Test
initializationError(com.mycompany.myapp.dao.Exam12DaoImpl3Test)  Time elapsed: 0.003 s  <<< ERROR!
java.lang.Exception: No runnable methods

